c:\workspace\vs\windowtillingtool\windowtillingtool\x64\release\vc142.pdb
c:\workspace\vs\windowtillingtool\windowtillingtool\x64\release\windowsmanager.obj
c:\workspace\vs\windowtillingtool\windowtillingtool\x64\release\trayicon.obj
c:\workspace\vs\windowtillingtool\windowtillingtool\x64\release\tilemanager.obj
c:\workspace\vs\windowtillingtool\windowtillingtool\x64\release\settingwindow.obj
c:\workspace\vs\windowtillingtool\windowtillingtool\x64\release\monitormanager.obj
c:\workspace\vs\windowtillingtool\windowtillingtool\x64\release\main.obj
c:\workspace\vs\windowtillingtool\windowtillingtool\x64\release\common.obj
c:\workspace\vs\windowtillingtool\windowtillingtool\x64\release\blocksettingwindow.obj
c:\workspace\vs\windowtillingtool\x64\release\windowtillingtool.exe
c:\workspace\vs\windowtillingtool\x64\release\windowtillingtool.pdb
c:\workspace\vs\windowtillingtool\windowtillingtool\x64\release\windowtillingtool.res
c:\workspace\vs\windowtillingtool\x64\release\windowtillingtool.ipdb
c:\workspace\vs\windowtillingtool\x64\release\windowtillingtool.iobj
c:\workspace\vs\windowtillingtool\windowtillingtool\x64\release\windowti.fd456b93.tlog\cl.command.1.tlog
c:\workspace\vs\windowtillingtool\windowtillingtool\x64\release\windowti.fd456b93.tlog\cl.read.1.tlog
c:\workspace\vs\windowtillingtool\windowtillingtool\x64\release\windowti.fd456b93.tlog\cl.write.1.tlog
c:\workspace\vs\windowtillingtool\windowtillingtool\x64\release\windowti.fd456b93.tlog\link.command.1.tlog
c:\workspace\vs\windowtillingtool\windowtillingtool\x64\release\windowti.fd456b93.tlog\link.read.1.tlog
c:\workspace\vs\windowtillingtool\windowtillingtool\x64\release\windowti.fd456b93.tlog\link.write.1.tlog
c:\workspace\vs\windowtillingtool\windowtillingtool\x64\release\windowti.fd456b93.tlog\rc.command.1.tlog
c:\workspace\vs\windowtillingtool\windowtillingtool\x64\release\windowti.fd456b93.tlog\rc.read.1.tlog
c:\workspace\vs\windowtillingtool\windowtillingtool\x64\release\windowti.fd456b93.tlog\rc.write.1.tlog
c:\workspace\vs\windowtillingtool\windowtillingtool\x64\release\windowti.fd456b93.tlog\windowtillingtool.write.1u.tlog
