c:\workspace\vs\windowtillingtool\windowtillingtool\x64\debug\vc142.pdb
c:\workspace\vs\windowtillingtool\windowtillingtool\x64\debug\vc142.idb
c:\workspace\vs\windowtillingtool\windowtillingtool\x64\debug\windowsmanager.obj
c:\workspace\vs\windowtillingtool\windowtillingtool\x64\debug\trayicon.obj
c:\workspace\vs\windowtillingtool\windowtillingtool\x64\debug\tilemanager.obj
c:\workspace\vs\windowtillingtool\windowtillingtool\x64\debug\settingwindow.obj
c:\workspace\vs\windowtillingtool\windowtillingtool\x64\debug\monitormanager.obj
c:\workspace\vs\windowtillingtool\windowtillingtool\x64\debug\main.obj
c:\workspace\vs\windowtillingtool\windowtillingtool\x64\debug\common.obj
c:\workspace\vs\windowtillingtool\windowtillingtool\x64\debug\blocksettingwindow.obj
c:\workspace\vs\windowtillingtool\x64\debug\windowtillingtool.ilk
c:\workspace\vs\windowtillingtool\x64\debug\windowtillingtool.exe
c:\workspace\vs\windowtillingtool\x64\debug\windowtillingtool.pdb
c:\workspace\vs\windowtillingtool\windowtillingtool\x64\debug\windowtillingtool.res
c:\workspace\vs\windowtillingtool\windowtillingtool\x64\debug\windowti.fd456b93.tlog\cl.command.1.tlog
c:\workspace\vs\windowtillingtool\windowtillingtool\x64\debug\windowti.fd456b93.tlog\cl.read.1.tlog
c:\workspace\vs\windowtillingtool\windowtillingtool\x64\debug\windowti.fd456b93.tlog\cl.write.1.tlog
c:\workspace\vs\windowtillingtool\windowtillingtool\x64\debug\windowti.fd456b93.tlog\link.command.1.tlog
c:\workspace\vs\windowtillingtool\windowtillingtool\x64\debug\windowti.fd456b93.tlog\link.read.1.tlog
c:\workspace\vs\windowtillingtool\windowtillingtool\x64\debug\windowti.fd456b93.tlog\link.write.1.tlog
c:\workspace\vs\windowtillingtool\windowtillingtool\x64\debug\windowti.fd456b93.tlog\rc.command.1.tlog
c:\workspace\vs\windowtillingtool\windowtillingtool\x64\debug\windowti.fd456b93.tlog\rc.read.1.tlog
c:\workspace\vs\windowtillingtool\windowtillingtool\x64\debug\windowti.fd456b93.tlog\rc.write.1.tlog
